2026-02-14 11:52:36 - baseline_models - INFO - ✅ BaselineModels initialized
2026-02-14 11:52:36 - baseline_models - INFO - 🚀 اجرای همه مدل‌های پایه برای 2000 گام...
2026-02-14 11:52:36 - baseline_models - INFO - 🚀 اجرای پیش‌بینی Naive برای 2000 گام...
2026-02-14 11:52:36 - baseline_models - INFO -    ✅ آخرین مقدار: 55.85
2026-02-14 11:52:36 - baseline_models - INFO - 🚀 اجرای پیش‌بینی Mean Forecast...
2026-02-14 11:52:36 - baseline_models - INFO -    ✅ میانگین کل داده‌ها: 140.50
2026-02-14 11:52:36 - baseline_models - INFO - 🚀 اجرای پیش‌بینی Moving Average با پنجره 7...
2026-02-14 11:52:36 - baseline_models - INFO -    ✅ میانگین آخرین 7 روز: 94.14
2026-02-14 11:52:36 - baseline_models - INFO - 🚀 اجرای پیش‌بینی Weighted Moving Average...
2026-02-14 11:52:36 - baseline_models - INFO -    ✅ میانگین وزنی: 92.73
2026-02-14 11:52:36 - baseline_models - INFO - 🚀 اجرای پیش‌بینی Seasonal Naive با دوره 7...
2026-02-14 11:52:36 - baseline_models - INFO -    ✅ پیش‌بینی فصلی با 2000 گام انجام شد
2026-02-14 11:52:36 - baseline_models - INFO - ✅ 5 مدل پایه اجرا شد
2026-02-14 11:52:43 - baseline_models - INFO - ✅ BaselineModels initialized
2026-02-14 11:52:43 - baseline_models - INFO - 🚀 اجرای همه مدل‌های پایه برای 2000 گام...
2026-02-14 11:52:43 - baseline_models - INFO - 🚀 اجرای پیش‌بینی Naive برای 2000 گام...
2026-02-14 11:52:43 - baseline_models - INFO -    ✅ آخرین مقدار: 55.85
2026-02-14 11:52:43 - baseline_models - INFO - 🚀 اجرای پیش‌بینی Mean Forecast...
2026-02-14 11:52:43 - baseline_models - INFO -    ✅ میانگین کل داده‌ها: 140.50
2026-02-14 11:52:43 - baseline_models - INFO - 🚀 اجرای پیش‌بینی Moving Average با پنجره 7...
2026-02-14 11:52:43 - baseline_models - INFO -    ✅ میانگین آخرین 7 روز: 94.14
2026-02-14 11:52:43 - baseline_models - INFO - 🚀 اجرای پیش‌بینی Weighted Moving Average...
2026-02-14 11:52:43 - baseline_models - INFO -    ✅ میانگین وزنی: 92.73
2026-02-14 11:52:43 - baseline_models - INFO - 🚀 اجرای پیش‌بینی Seasonal Naive با دوره 7...
2026-02-14 11:52:43 - baseline_models - INFO -    ✅ پیش‌بینی فصلی با 2000 گام انجام شد
2026-02-14 11:52:43 - baseline_models - INFO - ✅ 5 مدل پایه اجرا شد
2026-02-14 11:52:59 - baseline_models - INFO - ✅ BaselineModels initialized
2026-02-14 11:52:59 - baseline_models - INFO - 🚀 اجرای همه مدل‌های پایه برای 2000 گام...
2026-02-14 11:52:59 - baseline_models - INFO - 🚀 اجرای پیش‌بینی Naive برای 2000 گام...
2026-02-14 11:52:59 - baseline_models - INFO -    ✅ آخرین مقدار: 55.85
2026-02-14 11:52:59 - baseline_models - INFO - 🚀 اجرای پیش‌بینی Mean Forecast...
2026-02-14 11:52:59 - baseline_models - INFO -    ✅ میانگین کل داده‌ها: 140.50
2026-02-14 11:52:59 - baseline_models - INFO - 🚀 اجرای پیش‌بینی Moving Average با پنجره 7...
2026-02-14 11:52:59 - baseline_models - INFO -    ✅ میانگین آخرین 7 روز: 94.14
2026-02-14 11:52:59 - baseline_models - INFO - 🚀 اجرای پیش‌بینی Weighted Moving Average...
2026-02-14 11:52:59 - baseline_models - INFO -    ✅ میانگین وزنی: 92.73
2026-02-14 11:52:59 - baseline_models - INFO - 🚀 اجرای پیش‌بینی Seasonal Naive با دوره 7...
2026-02-14 11:52:59 - baseline_models - INFO -    ✅ پیش‌بینی فصلی با 2000 گام انجام شد
2026-02-14 11:52:59 - baseline_models - INFO - ✅ 5 مدل پایه اجرا شد
2026-02-14 11:53:07 - baseline_models - INFO - 🚀 اجرای پیش‌بینی Naive برای 30 گام...
2026-02-14 11:53:07 - baseline_models - INFO -    ✅ آخرین مقدار: 55.85
2026-02-14 11:53:21 - baseline_models - INFO - ✅ BaselineModels initialized
2026-02-14 11:53:21 - baseline_models - INFO - 🚀 اجرای همه مدل‌های پایه برای 2000 گام...
2026-02-14 11:53:21 - baseline_models - INFO - 🚀 اجرای پیش‌بینی Naive برای 2000 گام...
2026-02-14 11:53:21 - baseline_models - INFO -    ✅ آخرین مقدار: 55.85
2026-02-14 11:53:21 - baseline_models - INFO - 🚀 اجرای پیش‌بینی Mean Forecast...
2026-02-14 11:53:21 - baseline_models - INFO -    ✅ میانگین کل داده‌ها: 140.50
2026-02-14 11:53:21 - baseline_models - INFO - 🚀 اجرای پیش‌بینی Moving Average با پنجره 7...
2026-02-14 11:53:21 - baseline_models - INFO -    ✅ میانگین آخرین 7 روز: 94.14
2026-02-14 11:53:21 - baseline_models - INFO - 🚀 اجرای پیش‌بینی Weighted Moving Average...
2026-02-14 11:53:21 - baseline_models - INFO -    ✅ میانگین وزنی: 92.73
2026-02-14 11:53:21 - baseline_models - INFO - 🚀 اجرای پیش‌بینی Seasonal Naive با دوره 7...
2026-02-14 11:53:21 - baseline_models - INFO -    ✅ پیش‌بینی فصلی با 2000 گام انجام شد
2026-02-14 11:53:21 - baseline_models - INFO - ✅ 5 مدل پایه اجرا شد
2026-02-14 11:53:24 - baseline_models - INFO - ✅ BaselineModels initialized
2026-02-14 11:53:24 - baseline_models - INFO - 🚀 اجرای همه مدل‌های پایه برای 2000 گام...
2026-02-14 11:53:24 - baseline_models - INFO - 🚀 اجرای پیش‌بینی Naive برای 2000 گام...
2026-02-14 11:53:24 - baseline_models - INFO -    ✅ آخرین مقدار: 55.85
2026-02-14 11:53:24 - baseline_models - INFO - 🚀 اجرای پیش‌بینی Mean Forecast...
2026-02-14 11:53:24 - baseline_models - INFO -    ✅ میانگین کل داده‌ها: 140.50
2026-02-14 11:53:24 - baseline_models - INFO - 🚀 اجرای پیش‌بینی Moving Average با پنجره 7...
2026-02-14 11:53:24 - baseline_models - INFO -    ✅ میانگین آخرین 7 روز: 94.14
2026-02-14 11:53:24 - baseline_models - INFO - 🚀 اجرای پیش‌بینی Weighted Moving Average...
2026-02-14 11:53:24 - baseline_models - INFO -    ✅ میانگین وزنی: 92.73
2026-02-14 11:53:24 - baseline_models - INFO - 🚀 اجرای پیش‌بینی Seasonal Naive با دوره 7...
2026-02-14 11:53:24 - baseline_models - INFO -    ✅ پیش‌بینی فصلی با 2000 گام انجام شد
2026-02-14 11:53:24 - baseline_models - INFO - ✅ 5 مدل پایه اجرا شد
