2026-02-14 11:43:58 - prophet_model - INFO - ✅ ProphetModel initialized
2026-02-14 11:43:58 - prophet_model - INFO - 🚀 شروع آموزش مدل Prophet...
2026-02-14 11:43:58 - prophet_model - INFO - ✅ داده برای Prophet آماده شد: 1600 رکورد
2026-02-14 11:44:00 - prophet_model - INFO - ✅ مدل Prophet با موفقیت آموزش دید
2026-02-14 11:44:29 - prophet_model - INFO - ✅ ProphetModel initialized
2026-02-14 11:44:29 - prophet_model - INFO - 🚀 شروع آموزش مدل Prophet...
2026-02-14 11:44:29 - prophet_model - INFO - ✅ داده برای Prophet آماده شد: 1600 رکورد
2026-02-14 11:44:29 - prophet_model - INFO - ✅ مدل Prophet با موفقیت آموزش دید
2026-02-14 11:44:31 - prophet_model - INFO - ✅ ProphetModel initialized
2026-02-14 11:44:31 - prophet_model - INFO - 🚀 شروع آموزش مدل Prophet...
2026-02-14 11:44:31 - prophet_model - INFO - ✅ داده برای Prophet آماده شد: 1600 رکورد
2026-02-14 11:44:31 - prophet_model - INFO - ✅ مدل Prophet با موفقیت آموزش دید
2026-02-14 11:48:18 - prophet_model - INFO - ✅ ProphetModel initialized
2026-02-14 11:48:18 - prophet_model - INFO - 🚀 شروع آموزش مدل Prophet...
2026-02-14 11:48:18 - prophet_model - INFO - ✅ داده برای Prophet آماده شد: 800 رکورد
2026-02-14 11:48:18 - prophet_model - INFO - ✅ مدل Prophet با موفقیت آموزش دید
2026-02-14 11:48:23 - prophet_model - INFO - ✅ ProphetModel initialized
2026-02-14 11:48:23 - prophet_model - INFO - 🚀 شروع آموزش مدل Prophet...
2026-02-14 11:48:23 - prophet_model - INFO - ✅ داده برای Prophet آماده شد: 800 رکورد
2026-02-14 11:48:23 - prophet_model - INFO - ✅ مدل Prophet با موفقیت آموزش دید
2026-02-14 11:48:28 - prophet_model - INFO - ✅ ProphetModel initialized
2026-02-14 11:48:28 - prophet_model - INFO - 🚀 شروع آموزش مدل Prophet...
2026-02-14 11:48:28 - prophet_model - INFO - ✅ داده برای Prophet آماده شد: 800 رکورد
2026-02-14 11:48:28 - prophet_model - INFO - ✅ مدل Prophet با موفقیت آموزش دید
2026-02-14 11:48:46 - prophet_model - INFO - ✅ ProphetModel initialized
2026-02-14 11:48:46 - prophet_model - INFO - 🚀 شروع آموزش مدل Prophet...
2026-02-14 11:48:46 - prophet_model - INFO - ✅ داده برای Prophet آماده شد: 800 رکورد
2026-02-14 11:48:46 - prophet_model - INFO - ✅ مدل Prophet با موفقیت آموزش دید
2026-02-14 11:48:48 - prophet_model - INFO - ✅ ProphetModel initialized
2026-02-14 11:48:48 - prophet_model - INFO - 🚀 شروع آموزش مدل Prophet...
2026-02-14 11:48:48 - prophet_model - INFO - ✅ داده برای Prophet آماده شد: 800 رکورد
2026-02-14 11:48:48 - prophet_model - INFO - ✅ مدل Prophet با موفقیت آموزش دید
2026-02-14 11:48:51 - prophet_model - INFO - ✅ ProphetModel initialized
2026-02-14 11:48:51 - prophet_model - INFO - 🚀 شروع آموزش مدل Prophet...
2026-02-14 11:48:51 - prophet_model - INFO - ✅ داده برای Prophet آماده شد: 800 رکورد
2026-02-14 11:48:51 - prophet_model - INFO - ✅ مدل Prophet با موفقیت آموزش دید
2026-02-14 11:48:51 - prophet_model - INFO - ✅ پیش‌بینی برای 39 دوره آینده انجام شد
2026-02-14 11:49:16 - prophet_model - INFO - ✅ ProphetModel initialized
2026-02-14 11:49:16 - prophet_model - INFO - 🚀 شروع آموزش مدل Prophet...
2026-02-14 11:49:16 - prophet_model - INFO - ✅ داده برای Prophet آماده شد: 800 رکورد
2026-02-14 11:49:16 - prophet_model - INFO - ✅ مدل Prophet با موفقیت آموزش دید
2026-02-14 11:52:42 - prophet_model - INFO - ✅ ProphetModel initialized
2026-02-14 11:52:42 - prophet_model - INFO - 🚀 شروع آموزش مدل Prophet...
2026-02-14 11:52:42 - prophet_model - INFO - ✅ داده برای Prophet آماده شد: 8000 رکورد
2026-02-14 11:52:44 - prophet_model - INFO - ✅ مدل Prophet با موفقیت آموزش دید
2026-02-14 11:52:50 - prophet_model - INFO - ✅ ProphetModel initialized
2026-02-14 11:52:50 - prophet_model - INFO - 🚀 شروع آموزش مدل Prophet...
2026-02-14 11:52:50 - prophet_model - INFO - ✅ داده برای Prophet آماده شد: 8000 رکورد
2026-02-14 11:52:50 - prophet_model - INFO - ✅ مدل Prophet با موفقیت آموزش دید
2026-02-14 11:53:05 - prophet_model - INFO - ✅ ProphetModel initialized
2026-02-14 11:53:05 - prophet_model - INFO - 🚀 شروع آموزش مدل Prophet...
2026-02-14 11:53:05 - prophet_model - INFO - ✅ داده برای Prophet آماده شد: 8000 رکورد
2026-02-14 11:53:06 - prophet_model - INFO - ✅ مدل Prophet با موفقیت آموزش دید
2026-02-14 11:53:35 - prophet_model - INFO - ✅ ProphetModel initialized
2026-02-14 11:53:35 - prophet_model - INFO - 🚀 شروع آموزش مدل Prophet...
2026-02-14 11:53:35 - prophet_model - INFO - ✅ داده برای Prophet آماده شد: 8000 رکورد
2026-02-14 11:53:35 - prophet_model - INFO - ✅ مدل Prophet با موفقیت آموزش دید
