2026-02-14 11:23:41 - time_series_generator - INFO - ✅ TimeSeriesGenerator initialized
2026-02-14 11:23:41 - time_series_generator - INFO - 🚀 شروع تولید داده فروش...
2026-02-14 11:23:41 - time_series_generator - INFO - ✅ داده فروش با 1000 رکورد تولید شد
2026-02-14 11:23:41 - time_series_generator - INFO -    - محدوده فروش: 313 - 830
2026-02-14 11:23:41 - time_series_generator - INFO -    - میانگین فروش: 584
2026-02-14 11:23:41 - time_series_generator - INFO - 💾 داده فروش در data/raw/synthetic_sales.csv ذخیره شد
2026-02-14 11:27:51 - time_series_generator - INFO - ✅ TimeSeriesGenerator initialized
2026-02-14 11:27:51 - time_series_generator - INFO - 🚀 شروع تولید داده فروش...
2026-02-14 11:27:51 - time_series_generator - INFO - ✅ داده فروش با 1000 رکورد تولید شد
2026-02-14 11:27:51 - time_series_generator - INFO -    - محدوده فروش: 313 - 830
2026-02-14 11:27:51 - time_series_generator - INFO -    - میانگین فروش: 584
2026-02-14 11:27:51 - time_series_generator - INFO - 💾 داده فروش در data/raw/synthetic_sales.csv ذخیره شد
2026-02-14 11:28:34 - time_series_generator - INFO - ✅ TimeSeriesGenerator initialized
2026-02-14 11:28:34 - time_series_generator - INFO - 🚀 شروع تولید داده فروش...
2026-02-14 11:28:34 - time_series_generator - INFO - ✅ داده فروش با 1000 رکورد تولید شد
2026-02-14 11:28:34 - time_series_generator - INFO -    - محدوده فروش: 313 - 830
2026-02-14 11:28:34 - time_series_generator - INFO -    - میانگین فروش: 584
2026-02-14 11:28:34 - time_series_generator - INFO - 💾 داده فروش در data/raw/synthetic_sales.csv ذخیره شد
2026-02-14 11:36:17 - time_series_generator - INFO - ✅ TimeSeriesGenerator initialized
2026-02-14 11:36:17 - time_series_generator - INFO - 🚀 شروع تولید داده فروش...
2026-02-14 11:36:17 - time_series_generator - INFO - ✅ داده فروش با 1000 رکورد تولید شد
2026-02-14 11:36:17 - time_series_generator - INFO -    - محدوده فروش: 313 - 830
2026-02-14 11:36:17 - time_series_generator - INFO -    - میانگین فروش: 584
2026-02-14 11:36:17 - time_series_generator - INFO - 💾 داده فروش در data/raw/synthetic_sales.csv ذخیره شد
2026-02-14 11:42:48 - time_series_generator - INFO - ✅ TimeSeriesGenerator initialized
2026-02-14 11:42:48 - time_series_generator - INFO - 🚀 شروع تولید داده مصرف انرژی...
2026-02-14 11:42:48 - time_series_generator - INFO - ✅ داده مصرف انرژی با 2000 رکورد تولید شد
2026-02-14 11:42:48 - time_series_generator - INFO -    - محدوده مصرف: 143 - 430
2026-02-14 11:42:48 - time_series_generator - INFO -    - میانگین مصرف: 286
2026-02-14 11:42:48 - time_series_generator - INFO - 💾 داده مصرف انرژی در data/raw/synthetic_energy.csv ذخیره شد
2026-02-14 11:47:48 - time_series_generator - INFO - ✅ TimeSeriesGenerator initialized
2026-02-14 11:47:48 - time_series_generator - INFO - 🚀 شروع تولید داده فروش...
2026-02-14 11:47:48 - time_series_generator - INFO - ✅ داده فروش با 1000 رکورد تولید شد
2026-02-14 11:47:48 - time_series_generator - INFO -    - محدوده فروش: 313 - 830
2026-02-14 11:47:48 - time_series_generator - INFO -    - میانگین فروش: 584
2026-02-14 11:47:48 - time_series_generator - INFO - 💾 داده فروش در data/raw/synthetic_sales.csv ذخیره شد
